# JRE version: Java(TM) SE Runtime Environment (8.0_60-b27) (build 1.8.0_60-b27)
# Java VM: Java HotSpot(TM) 64-Bit Server VM (25.60-b23 mixed mode linux-amd64 compressed oops)
Heap:
 PSYoungGen      total 13824K, used 7756K [0x00000000f0b00000, 0x00000000f2600000, 0x0000000100000000)
  eden space 12288K, 50% used [0x00000000f0b00000,0x00000000f111b078,0x00000000f1700000)
  from space 1536K, 97% used [0x00000000f1700000,0x00000000f1878018,0x00000000f1880000)
  to   space 1536K, 0% used [0x00000000f2480000,0x00000000f2480000,0x00000000f2600000)
 ParOldGen       total 31744K, used 14782K [0x00000000d2000000, 0x00000000d3f00000, 0x00000000f0b00000)
  object space 31744K, 46% used [0x00000000d2000000,0x00000000d2e6f980,0x00000000d3f00000)
 Metaspace       used 14763K, capacity 15514K, committed 15616K, reserved 1062912K
  class space    used 2089K, capacity 2237K, committed 2304K, reserved 1048576K
GC Heap History (6 events):
Event: 2.074 GC heap before
{Heap before GC invocations=1 (full 0):
 PSYoungGen      total 13824K, used 12288K [0x00000000f0b00000, 0x00000000f1a00000, 0x0000000100000000)
  eden space 12288K, 100% used [0x00000000f0b00000,0x00000000f1700000,0x00000000f1700000)
  from space 1536K, 0% used [0x00000000f1880000,0x00000000f1880000,0x00000000f1a00000)
  to   space 1536K, 0% used [0x00000000f1700000,0x00000000f1700000,0x00000000f1880000)
 ParOldGen       total 31744K, used 0K [0x00000000d2000000, 0x00000000d3f00000, 0x00000000f0b00000)
  object space 31744K, 0% used [0x00000000d2000000,0x00000000d2000000,0x00000000d3f00000)
 Metaspace       used 8578K, capacity 8908K, committed 9216K, reserved 1056768K
  class space    used 1064K, capacity 1174K, committed 1280K, reserved 1048576K
Event: 2.091 GC heap after
Heap after GC invocations=1 (full 0):
 PSYoungGen      total 13824K, used 1528K [0x00000000f0b00000, 0x00000000f1a00000, 0x0000000100000000)
  eden space 12288K, 0% used [0x00000000f0b00000,0x00000000f0b00000,0x00000000f1700000)
  from space 1536K, 99% used [0x00000000f1700000,0x00000000f187e030,0x00000000f1880000)
  to   space 1536K, 0% used [0x00000000f1880000,0x00000000f1880000,0x00000000f1a00000)
 ParOldGen       total 31744K, used 56K [0x00000000d2000000, 0x00000000d3f00000, 0x00000000f0b00000)
  object space 31744K, 0% used [0x00000000d2000000,0x00000000d200e000,0x00000000d3f00000)
 Metaspace       used 8578K, capacity 8908K, committed 9216K, reserved 1056768K
  class space    used 1064K, capacity 1174K, committed 1280K, reserved 1048576K
}
Event: 3.209 GC heap before
{Heap before GC invocations=2 (full 0):
 PSYoungGen      total 13824K, used 13816K [0x00000000f0b00000, 0x00000000f1a00000, 0x0000000100000000)
  eden space 12288K, 100% used [0x00000000f0b00000,0x00000000f1700000,0x00000000f1700000)
  from space 1536K, 99% used [0x00000000f1700000,0x00000000f187e030,0x00000000f1880000)
  to   space 1536K, 0% used [0x00000000f1880000,0x00000000f1880000,0x00000000f1a00000)
 ParOldGen       total 31744K, used 56K [0x00000000d2000000, 0x00000000d3f00000, 0x00000000f0b00000)
  object space 31744K, 0% used [0x00000000d2000000,0x00000000d200e000,0x00000000d3f00000)
 Metaspace       used 12267K, capacity 12712K, committed 12928K, reserved 1060864K
  class space    used 1724K, capacity 1860K, committed 1920K, reserved 1048576K
Event: 3.240 GC heap after
Heap after GC invocations=2 (full 0):
 PSYoungGen      total 13824K, used 1520K [0x00000000f0b00000, 0x00000000f2600000, 0x0000000100000000)
  eden space 12288K, 0% used [0x00000000f0b00000,0x00000000f0b00000,0x00000000f1700000)
  from space 1536K, 98% used [0x00000000f1880000,0x00000000f19fc010,0x00000000f1a00000)
  to   space 1536K, 0% used [0x00000000f1700000,0x00000000f1700000,0x00000000f1880000)
 ParOldGen       total 31744K, used 1776K [0x00000000d2000000, 0x00000000d3f00000, 0x00000000f0b00000)
  object space 31744K, 5% used [0x00000000d2000000,0x00000000d21bc020,0x00000000d3f00000)
 Metaspace       used 12267K, capacity 12712K, committed 12928K, reserved 1060864K
  class space    used 1724K, capacity 1860K, committed 1920K, reserved 1048576K
}
Event: 29.939 GC heap before
{Heap before GC invocations=3 (full 0):
 PSYoungGen      total 13824K, used 13147K [0x00000000f0b00000, 0x00000000f2600000, 0x0000000100000000)
  eden space 12288K, 94% used [0x00000000f0b00000,0x00000000f165ac48,0x00000000f1700000)
  from space 1536K, 98% used [0x00000000f1880000,0x00000000f19fc010,0x00000000f1a00000)
  to   space 1536K, 0% used [0x00000000f1700000,0x00000000f1700000,0x00000000f1880000)
 ParOldGen       total 31744K, used 9968K [0x00000000d2000000, 0x00000000d3f00000, 0x00000000f0b00000)
  object space 31744K, 31% used [0x00000000d2000000,0x00000000d29bc030,0x00000000d3f00000)
 Metaspace       used 14704K, capacity 15450K, committed 15616K, reserved 1062912K
  class space    used 2089K, capacity 2237K, committed 2304K, reserved 1048576K
Event: 29.976 GC heap after
Heap after GC invocations=3 (full 0):
 PSYoungGen      total 13824K, used 1504K [0x00000000f0b00000, 0x00000000f2600000, 0x0000000100000000)
  eden space 12288K, 0% used [0x00000000f0b00000,0x00000000f0b00000,0x00000000f1700000)
  from space 1536K, 97% used [0x00000000f1700000,0x00000000f1878018,0x00000000f1880000)
  to   space 1536K, 0% used [0x00000000f2480000,0x00000000f2480000,0x00000000f2600000)
 ParOldGen       total 31744K, used 14782K [0x00000000d2000000, 0x00000000d3f00000, 0x00000000f0b00000)
  object space 31744K, 46% used [0x00000000d2000000,0x00000000d2e6f980,0x00000000d3f00000)
 Metaspace       used 14704K, capacity 15450K, committed 15616K, reserved 1062912K
  class space    used 2089K, capacity 2237K, committed 2304K, reserved 1048576K
}

