# JRE version: Java(TM) SE Runtime Environment (8.0_121-b13) (build 1.8.0_121-b13)
# Java VM: Java HotSpot(TM) 64-Bit Server VM (25.121-b13 mixed mode linux-amd64 compressed oops)
Heap:
 PSYoungGen      total 265728K, used 82527K [0x0000000670f80000, 0x0000000683580000, 0x00000007c0000000)
  eden space 251904K, 27% used [0x0000000670f80000,0x00000006753105b0,0x0000000680580000)
  from space 13824K, 96% used [0x0000000680b80000,0x00000006818879a8,0x0000000681900000)
  to   space 13824K, 0% used [0x0000000682800000,0x0000000682800000,0x0000000683580000)
 ParOldGen       total 687104K, used 48K [0x00000003d2e00000, 0x00000003fcd00000, 0x0000000670f80000)
  object space 687104K, 0% used [0x00000003d2e00000,0x00000003d2e0c000,0x00000003fcd00000)
 Metaspace       used 19664K, capacity 20860K, committed 20992K, reserved 1067008K
  class space    used 2798K, capacity 3061K, committed 3072K, reserved 1048576K
GC Heap History (10 events):
Event: 65,361 GC heap before
{Heap before GC invocations=1 (full 0):
 PSYoungGen      total 300544K, used 258048K [0x0000000670f80000, 0x0000000685e80000, 0x00000007c0000000)
  eden space 258048K, 100% used [0x0000000670f80000,0x0000000680b80000,0x0000000680b80000)
  from space 42496K, 0% used [0x0000000683500000,0x0000000683500000,0x0000000685e80000)
  to   space 42496K, 0% used [0x0000000680b80000,0x0000000680b80000,0x0000000683500000)
 ParOldGen       total 687104K, used 0K [0x00000003d2e00000, 0x00000003fcd00000, 0x0000000670f80000)
  object space 687104K, 0% used [0x00000003d2e00000,0x00000003d2e00000,0x00000003fcd00000)
 Metaspace       used 19125K, capacity 20316K, committed 20480K, reserved 1067008K
  class space    used 2756K, capacity 3029K, committed 3072K, reserved 1048576K
Event: 65,397 GC heap after
Heap after GC invocations=1 (full 0):
 PSYoungGen      total 300544K, used 13801K [0x0000000670f80000, 0x0000000685e80000, 0x00000007c0000000)
  eden space 258048K, 0% used [0x0000000670f80000,0x0000000670f80000,0x0000000680b80000)
  from space 42496K, 32% used [0x0000000680b80000,0x00000006818fa690,0x0000000683500000)
  to   space 42496K, 0% used [0x0000000683500000,0x0000000683500000,0x0000000685e80000)
 ParOldGen       total 687104K, used 8K [0x00000003d2e00000, 0x00000003fcd00000, 0x0000000670f80000)
  object space 687104K, 0% used [0x00000003d2e00000,0x00000003d2e02000,0x00000003fcd00000)
 Metaspace       used 19125K, capacity 20316K, committed 20480K, reserved 1067008K
  class space    used 2756K, capacity 3029K, committed 3072K, reserved 1048576K
}
Event: 148,357 GC heap before
{Heap before GC invocations=2 (full 0):
 PSYoungGen      total 300544K, used 271849K [0x0000000670f80000, 0x0000000685e80000, 0x00000007c0000000)
  eden space 258048K, 100% used [0x0000000670f80000,0x0000000680b80000,0x0000000680b80000)
  from space 42496K, 32% used [0x0000000680b80000,0x00000006818fa690,0x0000000683500000)
  to   space 42496K, 0% used [0x0000000683500000,0x0000000683500000,0x0000000685e80000)
 ParOldGen       total 687104K, used 8K [0x00000003d2e00000, 0x00000003fcd00000, 0x0000000670f80000)
  object space 687104K, 0% used [0x00000003d2e00000,0x00000003d2e02000,0x00000003fcd00000)
 Metaspace       used 19138K, capacity 20316K, committed 20480K, reserved 1067008K
  class space    used 2756K, capacity 3029K, committed 3072K, reserved 1048576K
Event: 148,365 GC heap after
Heap after GC invocations=2 (full 0):
 PSYoungGen      total 300544K, used 13307K [0x0000000670f80000, 0x0000000685e80000, 0x00000007c0000000)
  eden space 258048K, 0% used [0x0000000670f80000,0x0000000670f80000,0x0000000680b80000)
  from space 42496K, 31% used [0x0000000683500000,0x00000006841fef38,0x0000000685e80000)
  to   space 42496K, 0% used [0x0000000680b80000,0x0000000680b80000,0x0000000683500000)
 ParOldGen       total 687104K, used 24K [0x00000003d2e00000, 0x00000003fcd00000, 0x0000000670f80000)
  object space 687104K, 0% used [0x00000003d2e00000,0x00000003d2e06000,0x00000003fcd00000)
 Metaspace       used 19138K, capacity 20316K, committed 20480K, reserved 1067008K
  class space    used 2756K, capacity 3029K, committed 3072K, reserved 1048576K
}
Event: 228,418 GC heap before
{Heap before GC invocations=3 (full 0):
 PSYoungGen      total 300544K, used 271355K [0x0000000670f80000, 0x0000000685e80000, 0x00000007c0000000)
  eden space 258048K, 100% used [0x0000000670f80000,0x0000000680b80000,0x0000000680b80000)
  from space 42496K, 31% used [0x0000000683500000,0x00000006841fef38,0x0000000685e80000)
  to   space 42496K, 0% used [0x0000000680b80000,0x0000000680b80000,0x0000000683500000)
 ParOldGen       total 687104K, used 24K [0x00000003d2e00000, 0x00000003fcd00000, 0x0000000670f80000)
  object space 687104K, 0% used [0x00000003d2e00000,0x00000003d2e06000,0x00000003fcd00000)
 Metaspace       used 19604K, capacity 20732K, committed 20992K, reserved 1067008K
  class space    used 2798K, capacity 3061K, committed 3072K, reserved 1048576K
Event: 228,427 GC heap after
Heap after GC invocations=3 (full 0):
 PSYoungGen      total 300544K, used 13358K [0x0000000670f80000, 0x0000000685e80000, 0x00000007c0000000)
  eden space 258048K, 0% used [0x0000000670f80000,0x0000000670f80000,0x0000000680b80000)
  from space 42496K, 31% used [0x0000000680b80000,0x000000068188b9b8,0x0000000683500000)
  to   space 42496K, 0% used [0x0000000683500000,0x0000000683500000,0x0000000685e80000)
 ParOldGen       total 687104K, used 32K [0x00000003d2e00000, 0x00000003fcd00000, 0x0000000670f80000)
  object space 687104K, 0% used [0x00000003d2e00000,0x00000003d2e08000,0x00000003fcd00000)
 Metaspace       used 19604K, capacity 20732K, committed 20992K, reserved 1067008K
  class space    used 2798K, capacity 3061K, committed 3072K, reserved 1048576K
}
Event: 229,366 GC heap before
{Heap before GC invocations=4 (full 0):
 PSYoungGen      total 300544K, used 271406K [0x0000000670f80000, 0x0000000685e80000, 0x00000007c0000000)
  eden space 258048K, 100% used [0x0000000670f80000,0x0000000680b80000,0x0000000680b80000)
  from space 42496K, 31% used [0x0000000680b80000,0x000000068188b9b8,0x0000000683500000)
  to   space 42496K, 0% used [0x0000000683500000,0x0000000683500000,0x0000000685e80000)
 ParOldGen       total 687104K, used 32K [0x00000003d2e00000, 0x00000003fcd00000, 0x0000000670f80000)
  object space 687104K, 0% used [0x00000003d2e00000,0x00000003d2e08000,0x00000003fcd00000)
 Metaspace       used 19662K, capacity 20860K, committed 20992K, reserved 1067008K
  class space    used 2798K, capacity 3061K, committed 3072K, reserved 1048576K
Event: 229,392 GC heap after
Heap after GC invocations=4 (full 0):
 PSYoungGen      total 300544K, used 13291K [0x0000000670f80000, 0x0000000685e80000, 0x00000007c0000000)
  eden space 258048K, 0% used [0x0000000670f80000,0x0000000670f80000,0x0000000680b80000)
  from space 42496K, 31% used [0x0000000683500000,0x00000006841faf28,0x0000000685e80000)
  to   space 42496K, 0% used [0x0000000680b80000,0x0000000680b80000,0x0000000683500000)
 ParOldGen       total 687104K, used 40K [0x00000003d2e00000, 0x00000003fcd00000, 0x0000000670f80000)
  object space 687104K, 0% used [0x00000003d2e00000,0x00000003d2e0a000,0x00000003fcd00000)
 Metaspace       used 19662K, capacity 20860K, committed 20992K, reserved 1067008K
  class space    used 2798K, capacity 3061K, committed 3072K, reserved 1048576K
}
Event: 230,677 GC heap before
{Heap before GC invocations=5 (full 0):
 PSYoungGen      total 300544K, used 271339K [0x0000000670f80000, 0x0000000685e80000, 0x00000007c0000000)
  eden space 258048K, 100% used [0x0000000670f80000,0x0000000680b80000,0x0000000680b80000)
  from space 42496K, 31% used [0x0000000683500000,0x00000006841faf28,0x0000000685e80000)
  to   space 42496K, 0% used [0x0000000680b80000,0x0000000680b80000,0x0000000683500000)
 ParOldGen       total 687104K, used 40K [0x00000003d2e00000, 0x00000003fcd00000, 0x0000000670f80000)
  object space 687104K, 0% used [0x00000003d2e00000,0x00000003d2e0a000,0x00000003fcd00000)
 Metaspace       used 19664K, capacity 20860K, committed 20992K, reserved 1067008K
  class space    used 2798K, capacity 3061K, committed 3072K, reserved 1048576K
Event: 230,700 GC heap after
Heap after GC invocations=5 (full 0):
 PSYoungGen      total 265728K, used 13342K [0x0000000670f80000, 0x0000000683580000, 0x00000007c0000000)
  eden space 251904K, 0% used [0x0000000670f80000,0x0000000670f80000,0x0000000680580000)
  from space 13824K, 96% used [0x0000000680b80000,0x00000006818879a8,0x0000000681900000)
  to   space 13824K, 0% used [0x0000000682800000,0x0000000682800000,0x0000000683580000)
 ParOldGen       total 687104K, used 48K [0x00000003d2e00000, 0x00000003fcd00000, 0x0000000670f80000)
  object space 687104K, 0% used [0x00000003d2e00000,0x00000003d2e0c000,0x00000003fcd00000)
 Metaspace       used 19664K, capacity 20860K, committed 20992K, reserved 1067008K
  class space    used 2798K, capacity 3061K, committed 3072K, reserved 1048576K
}

