# JRE version: Java(TM) SE Runtime Environment (8.0_60-b27) (build 1.8.0_60-b27)
# Java VM: Java HotSpot(TM) 64-Bit Server VM (25.60-b23 mixed mode linux-amd64 compressed oops)
Heap:
 PSYoungGen      total 13824K, used 13013K [0x00000000f0b00000, 0x00000000f2600000, 0x0000000100000000)
  eden space 12288K, 93% used [0x00000000f0b00000,0x00000000f1639520,0x00000000f1700000)
  from space 1536K, 98% used [0x00000000f1880000,0x00000000f19fc010,0x00000000f1a00000)
  to   space 1536K, 0% used [0x00000000f1700000,0x00000000f1700000,0x00000000f1880000)
 ParOldGen       total 31744K, used 9992K [0x00000000d2000000, 0x00000000d3f00000, 0x00000000f0b00000)
  object space 31744K, 31% used [0x00000000d2000000,0x00000000d29c2090,0x00000000d3f00000)
 Metaspace       used 14779K, capacity 15552K, committed 15616K, reserved 1062912K
  class space    used 2108K, capacity 2286K, committed 2304K, reserved 1048576K
GC Heap History (4 events):
Event: 3.474 GC heap before
{Heap before GC invocations=1 (full 0):
 PSYoungGen      total 13824K, used 12288K [0x00000000f0b00000, 0x00000000f1a00000, 0x0000000100000000)
  eden space 12288K, 100% used [0x00000000f0b00000,0x00000000f1700000,0x00000000f1700000)
  from space 1536K, 0% used [0x00000000f1880000,0x00000000f1880000,0x00000000f1a00000)
  to   space 1536K, 0% used [0x00000000f1700000,0x00000000f1700000,0x00000000f1880000)
 ParOldGen       total 31744K, used 0K [0x00000000d2000000, 0x00000000d3f00000, 0x00000000f0b00000)
  object space 31744K, 0% used [0x00000000d2000000,0x00000000d2000000,0x00000000d3f00000)
 Metaspace       used 8585K, capacity 8908K, committed 9216K, reserved 1056768K
  class space    used 1064K, capacity 1174K, committed 1280K, reserved 1048576K
Event: 3.504 GC heap after
Heap after GC invocations=1 (full 0):
 PSYoungGen      total 13824K, used 1512K [0x00000000f0b00000, 0x00000000f1a00000, 0x0000000100000000)
  eden space 12288K, 0% used [0x00000000f0b00000,0x00000000f0b00000,0x00000000f1700000)
  from space 1536K, 98% used [0x00000000f1700000,0x00000000f187a020,0x00000000f1880000)
  to   space 1536K, 0% used [0x00000000f1880000,0x00000000f1880000,0x00000000f1a00000)
 ParOldGen       total 31744K, used 64K [0x00000000d2000000, 0x00000000d3f00000, 0x00000000f0b00000)
  object space 31744K, 0% used [0x00000000d2000000,0x00000000d2010000,0x00000000d3f00000)
 Metaspace       used 8585K, capacity 8908K, committed 9216K, reserved 1056768K
  class space    used 1064K, capacity 1174K, committed 1280K, reserved 1048576K
}
Event: 5.132 GC heap before
{Heap before GC invocations=2 (full 0):
 PSYoungGen      total 13824K, used 13800K [0x00000000f0b00000, 0x00000000f1a00000, 0x0000000100000000)
  eden space 12288K, 100% used [0x00000000f0b00000,0x00000000f1700000,0x00000000f1700000)
  from space 1536K, 98% used [0x00000000f1700000,0x00000000f187a020,0x00000000f1880000)
  to   space 1536K, 0% used [0x00000000f1880000,0x00000000f1880000,0x00000000f1a00000)
 ParOldGen       total 31744K, used 64K [0x00000000d2000000, 0x00000000d3f00000, 0x00000000f0b00000)
  object space 31744K, 0% used [0x00000000d2000000,0x00000000d2010000,0x00000000d3f00000)
 Metaspace       used 12100K, capacity 12554K, committed 12672K, reserved 1060864K
  class space    used 1676K, capacity 1829K, committed 1920K, reserved 1048576K
Event: 5.170 GC heap after
Heap after GC invocations=2 (full 0):
 PSYoungGen      total 13824K, used 1520K [0x00000000f0b00000, 0x00000000f2600000, 0x0000000100000000)
  eden space 12288K, 0% used [0x00000000f0b00000,0x00000000f0b00000,0x00000000f1700000)
  from space 1536K, 98% used [0x00000000f1880000,0x00000000f19fc010,0x00000000f1a00000)
  to   space 1536K, 0% used [0x00000000f1700000,0x00000000f1700000,0x00000000f1880000)
 ParOldGen       total 31744K, used 1800K [0x00000000d2000000, 0x00000000d3f00000, 0x00000000f0b00000)
  object space 31744K, 5% used [0x00000000d2000000,0x00000000d21c2080,0x00000000d3f00000)
 Metaspace       used 12100K, capacity 12554K, committed 12672K, reserved 1060864K
  class space    used 1676K, capacity 1829K, committed 1920K, reserved 1048576K
}

