# JRE version: Java(TM) SE Runtime Environment (8.0_121-b13) (build 1.8.0_121-b13)
# Java VM: Java HotSpot(TM) 64-Bit Server VM (25.121-b13 mixed mode linux-amd64 compressed oops)
Heap:
 PSYoungGen      total 265728K, used 134549K [0x0000000670f80000, 0x0000000683580000, 0x00000007c0000000)
  eden space 251904K, 48% used [0x0000000670f80000,0x00000006785be4e0,0x0000000680580000)
  from space 13824K, 97% used [0x0000000680b80000,0x00000006818a6f38,0x0000000681900000)
  to   space 13824K, 0% used [0x0000000682800000,0x0000000682800000,0x0000000683580000)
 ParOldGen       total 687104K, used 56K [0x00000003d2e00000, 0x00000003fcd00000, 0x0000000670f80000)
  object space 687104K, 0% used [0x00000003d2e00000,0x00000003d2e0e000,0x00000003fcd00000)
 Metaspace       used 19887K, capacity 21056K, committed 21248K, reserved 1067008K
  class space    used 2803K, capacity 3061K, committed 3072K, reserved 1048576K
GC Heap History (10 events):
Event: 74,057 GC heap before
{Heap before GC invocations=1 (full 0):
 PSYoungGen      total 300544K, used 258048K [0x0000000670f80000, 0x0000000685e80000, 0x00000007c0000000)
  eden space 258048K, 100% used [0x0000000670f80000,0x0000000680b80000,0x0000000680b80000)
  from space 42496K, 0% used [0x0000000683500000,0x0000000683500000,0x0000000685e80000)
  to   space 42496K, 0% used [0x0000000680b80000,0x0000000680b80000,0x0000000683500000)
 ParOldGen       total 687104K, used 0K [0x00000003d2e00000, 0x00000003fcd00000, 0x0000000670f80000)
  object space 687104K, 0% used [0x00000003d2e00000,0x00000003d2e00000,0x00000003fcd00000)
 Metaspace       used 19298K, capacity 20448K, committed 20736K, reserved 1067008K
  class space    used 2761K, capacity 3029K, committed 3072K, reserved 1048576K
Event: 74,074 GC heap after
Heap after GC invocations=1 (full 0):
 PSYoungGen      total 300544K, used 13751K [0x0000000670f80000, 0x0000000685e80000, 0x00000007c0000000)
  eden space 258048K, 0% used [0x0000000670f80000,0x0000000670f80000,0x0000000680b80000)
  from space 42496K, 32% used [0x0000000680b80000,0x00000006818edc30,0x0000000683500000)
  to   space 42496K, 0% used [0x0000000683500000,0x0000000683500000,0x0000000685e80000)
 ParOldGen       total 687104K, used 16K [0x00000003d2e00000, 0x00000003fcd00000, 0x0000000670f80000)
  object space 687104K, 0% used [0x00000003d2e00000,0x00000003d2e04000,0x00000003fcd00000)
 Metaspace       used 19298K, capacity 20448K, committed 20736K, reserved 1067008K
  class space    used 2761K, capacity 3029K, committed 3072K, reserved 1048576K
}
Event: 164,169 GC heap before
{Heap before GC invocations=2 (full 0):
 PSYoungGen      total 300544K, used 271799K [0x0000000670f80000, 0x0000000685e80000, 0x00000007c0000000)
  eden space 258048K, 100% used [0x0000000670f80000,0x0000000680b80000,0x0000000680b80000)
  from space 42496K, 32% used [0x0000000680b80000,0x00000006818edc30,0x0000000683500000)
  to   space 42496K, 0% used [0x0000000683500000,0x0000000683500000,0x0000000685e80000)
 ParOldGen       total 687104K, used 16K [0x00000003d2e00000, 0x00000003fcd00000, 0x0000000670f80000)
  object space 687104K, 0% used [0x00000003d2e00000,0x00000003d2e04000,0x00000003fcd00000)
 Metaspace       used 19341K, capacity 20512K, committed 20736K, reserved 1067008K
  class space    used 2761K, capacity 3029K, committed 3072K, reserved 1048576K
Event: 164,193 GC heap after
Heap after GC invocations=2 (full 0):
 PSYoungGen      total 300544K, used 13438K [0x0000000670f80000, 0x0000000685e80000, 0x00000007c0000000)
  eden space 258048K, 0% used [0x0000000670f80000,0x0000000670f80000,0x0000000680b80000)
  from space 42496K, 31% used [0x0000000683500000,0x000000068421f988,0x0000000685e80000)
  to   space 42496K, 0% used [0x0000000680b80000,0x0000000680b80000,0x0000000683500000)
 ParOldGen       total 687104K, used 32K [0x00000003d2e00000, 0x00000003fcd00000, 0x0000000670f80000)
  object space 687104K, 0% used [0x00000003d2e00000,0x00000003d2e08000,0x00000003fcd00000)
 Metaspace       used 19341K, capacity 20512K, committed 20736K, reserved 1067008K
  class space    used 2761K, capacity 3029K, committed 3072K, reserved 1048576K
}
Event: 256,930 GC heap before
{Heap before GC invocations=3 (full 0):
 PSYoungGen      total 300544K, used 271486K [0x0000000670f80000, 0x0000000685e80000, 0x00000007c0000000)
  eden space 258048K, 100% used [0x0000000670f80000,0x0000000680b80000,0x0000000680b80000)
  from space 42496K, 31% used [0x0000000683500000,0x000000068421f988,0x0000000685e80000)
  to   space 42496K, 0% used [0x0000000680b80000,0x0000000680b80000,0x0000000683500000)
 ParOldGen       total 687104K, used 32K [0x00000003d2e00000, 0x00000003fcd00000, 0x0000000670f80000)
  object space 687104K, 0% used [0x00000003d2e00000,0x00000003d2e08000,0x00000003fcd00000)
 Metaspace       used 19724K, capacity 20864K, committed 20992K, reserved 1067008K
  class space    used 2803K, capacity 3061K, committed 3072K, reserved 1048576K
Event: 256,938 GC heap after
Heap after GC invocations=3 (full 0):
 PSYoungGen      total 300544K, used 13515K [0x0000000670f80000, 0x0000000685e80000, 0x00000007c0000000)
  eden space 258048K, 0% used [0x0000000670f80000,0x0000000670f80000,0x0000000680b80000)
  from space 42496K, 31% used [0x0000000680b80000,0x00000006818b2f28,0x0000000683500000)
  to   space 42496K, 0% used [0x0000000683500000,0x0000000683500000,0x0000000685e80000)
 ParOldGen       total 687104K, used 40K [0x00000003d2e00000, 0x00000003fcd00000, 0x0000000670f80000)
  object space 687104K, 0% used [0x00000003d2e00000,0x00000003d2e0a000,0x00000003fcd00000)
 Metaspace       used 19724K, capacity 20864K, committed 20992K, reserved 1067008K
  class space    used 2803K, capacity 3061K, committed 3072K, reserved 1048576K
}
Event: 258,464 GC heap before
{Heap before GC invocations=4 (full 0):
 PSYoungGen      total 300544K, used 271563K [0x0000000670f80000, 0x0000000685e80000, 0x00000007c0000000)
  eden space 258048K, 100% used [0x0000000670f80000,0x0000000680b80000,0x0000000680b80000)
  from space 42496K, 31% used [0x0000000680b80000,0x00000006818b2f28,0x0000000683500000)
  to   space 42496K, 0% used [0x0000000683500000,0x0000000683500000,0x0000000685e80000)
 ParOldGen       total 687104K, used 40K [0x00000003d2e00000, 0x00000003fcd00000, 0x0000000670f80000)
  object space 687104K, 0% used [0x00000003d2e00000,0x00000003d2e0a000,0x00000003fcd00000)
 Metaspace       used 19883K, capacity 21056K, committed 21248K, reserved 1067008K
  class space    used 2803K, capacity 3061K, committed 3072K, reserved 1048576K
Event: 258,471 GC heap after
Heap after GC invocations=4 (full 0):
 PSYoungGen      total 300544K, used 13403K [0x0000000670f80000, 0x0000000685e80000, 0x00000007c0000000)
  eden space 258048K, 0% used [0x0000000670f80000,0x0000000670f80000,0x0000000680b80000)
  from space 42496K, 31% used [0x0000000683500000,0x0000000684216f18,0x0000000685e80000)
  to   space 42496K, 0% used [0x0000000680b80000,0x0000000680b80000,0x0000000683500000)
 ParOldGen       total 687104K, used 48K [0x00000003d2e00000, 0x00000003fcd00000, 0x0000000670f80000)
  object space 687104K, 0% used [0x00000003d2e00000,0x00000003d2e0c000,0x00000003fcd00000)
 Metaspace       used 19883K, capacity 21056K, committed 21248K, reserved 1067008K
  class space    used 2803K, capacity 3061K, committed 3072K, reserved 1048576K
}
Event: 259,984 GC heap before
{Heap before GC invocations=5 (full 0):
 PSYoungGen      total 300544K, used 271451K [0x0000000670f80000, 0x0000000685e80000, 0x00000007c0000000)
  eden space 258048K, 100% used [0x0000000670f80000,0x0000000680b80000,0x0000000680b80000)
  from space 42496K, 31% used [0x0000000683500000,0x0000000684216f18,0x0000000685e80000)
  to   space 42496K, 0% used [0x0000000680b80000,0x0000000680b80000,0x0000000683500000)
 ParOldGen       total 687104K, used 48K [0x00000003d2e00000, 0x00000003fcd00000, 0x0000000670f80000)
  object space 687104K, 0% used [0x00000003d2e00000,0x00000003d2e0c000,0x00000003fcd00000)
 Metaspace       used 19887K, capacity 21056K, committed 21248K, reserved 1067008K
  class space    used 2803K, capacity 3061K, committed 3072K, reserved 1048576K
Event: 259,992 GC heap after
Heap after GC invocations=5 (full 0):
 PSYoungGen      total 265728K, used 13467K [0x0000000670f80000, 0x0000000683580000, 0x00000007c0000000)
  eden space 251904K, 0% used [0x0000000670f80000,0x0000000670f80000,0x0000000680580000)
  from space 13824K, 97% used [0x0000000680b80000,0x00000006818a6f38,0x0000000681900000)
  to   space 13824K, 0% used [0x0000000682800000,0x0000000682800000,0x0000000683580000)
 ParOldGen       total 687104K, used 56K [0x00000003d2e00000, 0x00000003fcd00000, 0x0000000670f80000)
  object space 687104K, 0% used [0x00000003d2e00000,0x00000003d2e0e000,0x00000003fcd00000)
 Metaspace       used 19887K, capacity 21056K, committed 21248K, reserved 1067008K
  class space    used 2803K, capacity 3061K, committed 3072K, reserved 1048576K
}

