# JRE version: Java(TM) SE Runtime Environment (8.0_121-b13) (build 1.8.0_121-b13)
# Java VM: Java HotSpot(TM) 64-Bit Server VM (25.121-b13 mixed mode linux-amd64 compressed oops)
Heap:
 PSYoungGen      total 265728K, used 125491K [0x0000000670f80000, 0x0000000683580000, 0x00000007c0000000)
  eden space 251904K, 44% used [0x0000000670f80000,0x0000000677cc9588,0x0000000680580000)
  from space 13824K, 98% used [0x0000000680b80000,0x00000006818c39a8,0x0000000681900000)
  to   space 14336K, 0% used [0x0000000682780000,0x0000000682780000,0x0000000683580000)
 ParOldGen       total 687104K, used 128K [0x00000003d2e00000, 0x00000003fcd00000, 0x0000000670f80000)
  object space 687104K, 0% used [0x00000003d2e00000,0x00000003d2e20010,0x00000003fcd00000)
 Metaspace       used 19845K, capacity 21020K, committed 21248K, reserved 1067008K
  class space    used 2805K, capacity 3071K, committed 3072K, reserved 1048576K
GC Heap History (10 events):
Event: 182,180 GC heap before
{Heap before GC invocations=1 (full 0):
 PSYoungGen      total 300544K, used 258048K [0x0000000670f80000, 0x0000000685e80000, 0x00000007c0000000)
  eden space 258048K, 100% used [0x0000000670f80000,0x0000000680b80000,0x0000000680b80000)
  from space 42496K, 0% used [0x0000000683500000,0x0000000683500000,0x0000000685e80000)
  to   space 42496K, 0% used [0x0000000680b80000,0x0000000680b80000,0x0000000683500000)
 ParOldGen       total 687104K, used 0K [0x00000003d2e00000, 0x00000003fcd00000, 0x0000000670f80000)
  object space 687104K, 0% used [0x00000003d2e00000,0x00000003d2e00000,0x00000003fcd00000)
 Metaspace       used 19295K, capacity 20412K, committed 20480K, reserved 1067008K
  class space    used 2762K, capacity 3039K, committed 3072K, reserved 1048576K
Event: 182,219 GC heap after
Heap after GC invocations=1 (full 0):
 PSYoungGen      total 300544K, used 14025K [0x0000000670f80000, 0x0000000685e80000, 0x00000007c0000000)
  eden space 258048K, 0% used [0x0000000670f80000,0x0000000670f80000,0x0000000680b80000)
  from space 42496K, 33% used [0x0000000680b80000,0x00000006819326a0,0x0000000683500000)
  to   space 42496K, 0% used [0x0000000683500000,0x0000000683500000,0x0000000685e80000)
 ParOldGen       total 687104K, used 104K [0x00000003d2e00000, 0x00000003fcd00000, 0x0000000670f80000)
  object space 687104K, 0% used [0x00000003d2e00000,0x00000003d2e1a010,0x00000003fcd00000)
 Metaspace       used 19295K, capacity 20412K, committed 20480K, reserved 1067008K
  class space    used 2762K, capacity 3039K, committed 3072K, reserved 1048576K
}
Event: 274,787 GC heap before
{Heap before GC invocations=2 (full 0):
 PSYoungGen      total 300544K, used 272073K [0x0000000670f80000, 0x0000000685e80000, 0x00000007c0000000)
  eden space 258048K, 100% used [0x0000000670f80000,0x0000000680b80000,0x0000000680b80000)
  from space 42496K, 33% used [0x0000000680b80000,0x00000006819326a0,0x0000000683500000)
  to   space 42496K, 0% used [0x0000000683500000,0x0000000683500000,0x0000000685e80000)
 ParOldGen       total 687104K, used 104K [0x00000003d2e00000, 0x00000003fcd00000, 0x0000000670f80000)
  object space 687104K, 0% used [0x00000003d2e00000,0x00000003d2e1a010,0x00000003fcd00000)
 Metaspace       used 19305K, capacity 20412K, committed 20480K, reserved 1067008K
  class space    used 2762K, capacity 3039K, committed 3072K, reserved 1048576K
Event: 274,812 GC heap after
Heap after GC invocations=2 (full 0):
 PSYoungGen      total 300544K, used 13579K [0x0000000670f80000, 0x0000000685e80000, 0x00000007c0000000)
  eden space 258048K, 0% used [0x0000000670f80000,0x0000000670f80000,0x0000000680b80000)
  from space 42496K, 31% used [0x0000000683500000,0x0000000684242f18,0x0000000685e80000)
  to   space 42496K, 0% used [0x0000000680b80000,0x0000000680b80000,0x0000000683500000)
 ParOldGen       total 687104K, used 112K [0x00000003d2e00000, 0x00000003fcd00000, 0x0000000670f80000)
  object space 687104K, 0% used [0x00000003d2e00000,0x00000003d2e1c010,0x00000003fcd00000)
 Metaspace       used 19305K, capacity 20412K, committed 20480K, reserved 1067008K
  class space    used 2762K, capacity 3039K, committed 3072K, reserved 1048576K
}
Event: 365,074 GC heap before
{Heap before GC invocations=3 (full 0):
 PSYoungGen      total 300544K, used 271627K [0x0000000670f80000, 0x0000000685e80000, 0x00000007c0000000)
  eden space 258048K, 100% used [0x0000000670f80000,0x0000000680b80000,0x0000000680b80000)
  from space 42496K, 31% used [0x0000000683500000,0x0000000684242f18,0x0000000685e80000)
  to   space 42496K, 0% used [0x0000000680b80000,0x0000000680b80000,0x0000000683500000)
 ParOldGen       total 687104K, used 112K [0x00000003d2e00000, 0x00000003fcd00000, 0x0000000670f80000)
  object space 687104K, 0% used [0x00000003d2e00000,0x00000003d2e1c010,0x00000003fcd00000)
 Metaspace       used 19741K, capacity 20892K, committed 20992K, reserved 1067008K
  class space    used 2804K, capacity 3071K, committed 3072K, reserved 1048576K
Event: 365,083 GC heap after
Heap after GC invocations=3 (full 0):
 PSYoungGen      total 300544K, used 13582K [0x0000000670f80000, 0x0000000685e80000, 0x00000007c0000000)
  eden space 258048K, 0% used [0x0000000670f80000,0x0000000670f80000,0x0000000680b80000)
  from space 42496K, 31% used [0x0000000680b80000,0x00000006818c39a8,0x0000000683500000)
  to   space 42496K, 0% used [0x0000000683500000,0x0000000683500000,0x0000000685e80000)
 ParOldGen       total 687104K, used 120K [0x00000003d2e00000, 0x00000003fcd00000, 0x0000000670f80000)
  object space 687104K, 0% used [0x00000003d2e00000,0x00000003d2e1e010,0x00000003fcd00000)
 Metaspace       used 19741K, capacity 20892K, committed 20992K, reserved 1067008K
  class space    used 2804K, capacity 3071K, committed 3072K, reserved 1048576K
}
Event: 366,673 GC heap before
{Heap before GC invocations=4 (full 0):
 PSYoungGen      total 300544K, used 271630K [0x0000000670f80000, 0x0000000685e80000, 0x00000007c0000000)
  eden space 258048K, 100% used [0x0000000670f80000,0x0000000680b80000,0x0000000680b80000)
  from space 42496K, 31% used [0x0000000680b80000,0x00000006818c39a8,0x0000000683500000)
  to   space 42496K, 0% used [0x0000000683500000,0x0000000683500000,0x0000000685e80000)
 ParOldGen       total 687104K, used 120K [0x00000003d2e00000, 0x00000003fcd00000, 0x0000000670f80000)
  object space 687104K, 0% used [0x00000003d2e00000,0x00000003d2e1e010,0x00000003fcd00000)
 Metaspace       used 19839K, capacity 21020K, committed 21248K, reserved 1067008K
  class space    used 2805K, capacity 3071K, committed 3072K, reserved 1048576K
Event: 366,685 GC heap after
Heap after GC invocations=4 (full 0):
 PSYoungGen      total 300544K, used 13534K [0x0000000670f80000, 0x0000000685e80000, 0x00000007c0000000)
  eden space 258048K, 0% used [0x0000000670f80000,0x0000000670f80000,0x0000000680b80000)
  from space 42496K, 31% used [0x0000000683500000,0x0000000684237998,0x0000000685e80000)
  to   space 42496K, 0% used [0x0000000680b80000,0x0000000680b80000,0x0000000683500000)
 ParOldGen       total 687104K, used 120K [0x00000003d2e00000, 0x00000003fcd00000, 0x0000000670f80000)
  object space 687104K, 0% used [0x00000003d2e00000,0x00000003d2e1e010,0x00000003fcd00000)
 Metaspace       used 19839K, capacity 21020K, committed 21248K, reserved 1067008K
  class space    used 2805K, capacity 3071K, committed 3072K, reserved 1048576K
}
Event: 368,463 GC heap before
{Heap before GC invocations=5 (full 0):
 PSYoungGen      total 300544K, used 271582K [0x0000000670f80000, 0x0000000685e80000, 0x00000007c0000000)
  eden space 258048K, 100% used [0x0000000670f80000,0x0000000680b80000,0x0000000680b80000)
  from space 42496K, 31% used [0x0000000683500000,0x0000000684237998,0x0000000685e80000)
  to   space 42496K, 0% used [0x0000000680b80000,0x0000000680b80000,0x0000000683500000)
 ParOldGen       total 687104K, used 120K [0x00000003d2e00000, 0x00000003fcd00000, 0x0000000670f80000)
  object space 687104K, 0% used [0x00000003d2e00000,0x00000003d2e1e010,0x00000003fcd00000)
 Metaspace       used 19845K, capacity 21020K, committed 21248K, reserved 1067008K
  class space    used 2805K, capacity 3071K, committed 3072K, reserved 1048576K
Event: 368,472 GC heap after
Heap after GC invocations=5 (full 0):
 PSYoungGen      total 265728K, used 13582K [0x0000000670f80000, 0x0000000683580000, 0x00000007c0000000)
  eden space 251904K, 0% used [0x0000000670f80000,0x0000000670f80000,0x0000000680580000)
  from space 13824K, 98% used [0x0000000680b80000,0x00000006818c39a8,0x0000000681900000)
  to   space 14336K, 0% used [0x0000000682780000,0x0000000682780000,0x0000000683580000)
 ParOldGen       total 687104K, used 128K [0x00000003d2e00000, 0x00000003fcd00000, 0x0000000670f80000)
  object space 687104K, 0% used [0x00000003d2e00000,0x00000003d2e20010,0x00000003fcd00000)
 Metaspace       used 19845K, capacity 21020K, committed 21248K, reserved 1067008K
  class space    used 2805K, capacity 3071K, committed 3072K, reserved 1048576K
}

