# JRE version: Java(TM) SE Runtime Environment (8.0_60-b27) (build 1.8.0_60-b27)
# Java VM: Java HotSpot(TM) 64-Bit Server VM (25.60-b23 mixed mode linux-amd64 compressed oops)
Heap:
 PSYoungGen      total 13824K, used 1504K [0x00000000f0b00000, 0x00000000f1a00000, 0x0000000100000000)
  eden space 12288K, 0% used [0x00000000f0b00000,0x00000000f0b00000,0x00000000f1700000)
  from space 1536K, 97% used [0x00000000f1880000,0x00000000f19f8018,0x00000000f1a00000)
  to   space 1536K, 0% used [0x00000000f1700000,0x00000000f1700000,0x00000000f1880000)
 ParOldGen       total 31744K, used 25370K [0x00000000d2000000, 0x00000000d3f00000, 0x00000000f0b00000)
  object space 31744K, 79% used [0x00000000d2000000,0x00000000d38c69d0,0x00000000d3f00000)
 Metaspace       used 14923K, capacity 15706K, committed 15872K, reserved 1062912K
  class space    used 2089K, capacity 2237K, committed 2304K, reserved 1048576K
GC Heap History (7 events):
Event: 1.934 GC heap before
{Heap before GC invocations=1 (full 0):
 PSYoungGen      total 13824K, used 12288K [0x00000000f0b00000, 0x00000000f1a00000, 0x0000000100000000)
  eden space 12288K, 100% used [0x00000000f0b00000,0x00000000f1700000,0x00000000f1700000)
  from space 1536K, 0% used [0x00000000f1880000,0x00000000f1880000,0x00000000f1a00000)
  to   space 1536K, 0% used [0x00000000f1700000,0x00000000f1700000,0x00000000f1880000)
 ParOldGen       total 31744K, used 0K [0x00000000d2000000, 0x00000000d3f00000, 0x00000000f0b00000)
  object space 31744K, 0% used [0x00000000d2000000,0x00000000d2000000,0x00000000d3f00000)
 Metaspace       used 8582K, capacity 8908K, committed 9216K, reserved 1056768K
  class space    used 1064K, capacity 1174K, committed 1280K, reserved 1048576K
Event: 1.948 GC heap after
Heap after GC invocations=1 (full 0):
 PSYoungGen      total 13824K, used 1512K [0x00000000f0b00000, 0x00000000f1a00000, 0x0000000100000000)
  eden space 12288K, 0% used [0x00000000f0b00000,0x00000000f0b00000,0x00000000f1700000)
  from space 1536K, 98% used [0x00000000f1700000,0x00000000f187a040,0x00000000f1880000)
  to   space 1536K, 0% used [0x00000000f1880000,0x00000000f1880000,0x00000000f1a00000)
 ParOldGen       total 31744K, used 80K [0x00000000d2000000, 0x00000000d3f00000, 0x00000000f0b00000)
  object space 31744K, 0% used [0x00000000d2000000,0x00000000d2014010,0x00000000d3f00000)
 Metaspace       used 8582K, capacity 8908K, committed 9216K, reserved 1056768K
  class space    used 1064K, capacity 1174K, committed 1280K, reserved 1048576K
}
Event: 3.039 GC heap before
{Heap before GC invocations=2 (full 0):
 PSYoungGen      total 13824K, used 13800K [0x00000000f0b00000, 0x00000000f1a00000, 0x0000000100000000)
  eden space 12288K, 100% used [0x00000000f0b00000,0x00000000f1700000,0x00000000f1700000)
  from space 1536K, 98% used [0x00000000f1700000,0x00000000f187a040,0x00000000f1880000)
  to   space 1536K, 0% used [0x00000000f1880000,0x00000000f1880000,0x00000000f1a00000)
 ParOldGen       total 31744K, used 80K [0x00000000d2000000, 0x00000000d3f00000, 0x00000000f0b00000)
  object space 31744K, 0% used [0x00000000d2000000,0x00000000d2014010,0x00000000d3f00000)
 Metaspace       used 12270K, capacity 12708K, committed 12928K, reserved 1060864K
  class space    used 1724K, capacity 1860K, committed 1920K, reserved 1048576K
Event: 3.051 GC heap after
Heap after GC invocations=2 (full 0):
 PSYoungGen      total 13824K, used 1536K [0x00000000f0b00000, 0x00000000f1a00000, 0x0000000100000000)
  eden space 12288K, 0% used [0x00000000f0b00000,0x00000000f0b00000,0x00000000f1700000)
  from space 1536K, 100% used [0x00000000f1880000,0x00000000f1a00000,0x00000000f1a00000)
  to   space 1536K, 0% used [0x00000000f1700000,0x00000000f1700000,0x00000000f1880000)
 ParOldGen       total 31744K, used 1788K [0x00000000d2000000, 0x00000000d3f00000, 0x00000000f0b00000)
  object space 31744K, 5% used [0x00000000d2000000,0x00000000d21bf060,0x00000000d3f00000)
 Metaspace       used 12270K, capacity 12708K, committed 12928K, reserved 1060864K
  class space    used 1724K, capacity 1860K, committed 1920K, reserved 1048576K
}
Event: 10.267 GC heap before
{Heap before GC invocations=3 (full 0):
 PSYoungGen      total 13824K, used 13141K [0x00000000f0b00000, 0x00000000f1a00000, 0x0000000100000000)
  eden space 12288K, 94% used [0x00000000f0b00000,0x00000000f1655458,0x00000000f1700000)
  from space 1536K, 100% used [0x00000000f1880000,0x00000000f1a00000,0x00000000f1a00000)
  to   space 1536K, 0% used [0x00000000f1700000,0x00000000f1700000,0x00000000f1880000)
 ParOldGen       total 31744K, used 9980K [0x00000000d2000000, 0x00000000d3f00000, 0x00000000f0b00000)
  object space 31744K, 31% used [0x00000000d2000000,0x00000000d29bf070,0x00000000d3f00000)
 Metaspace       used 14727K, capacity 15514K, committed 15616K, reserved 1062912K
  class space    used 2089K, capacity 2237K, committed 2304K, reserved 1048576K
Event: 10.314 GC heap after
Heap after GC invocations=3 (full 0):
 PSYoungGen      total 13824K, used 1504K [0x00000000f0b00000, 0x00000000f1a00000, 0x0000000100000000)
  eden space 12288K, 0% used [0x00000000f0b00000,0x00000000f0b00000,0x00000000f1700000)
  from space 1536K, 97% used [0x00000000f1700000,0x00000000f1878018,0x00000000f1880000)
  to   space 1536K, 0% used [0x00000000f1880000,0x00000000f1880000,0x00000000f1a00000)
 ParOldGen       total 31744K, used 14805K [0x00000000d2000000, 0x00000000d3f00000, 0x00000000f0b00000)
  object space 31744K, 46% used [0x00000000d2000000,0x00000000d2e756b0,0x00000000d3f00000)
 Metaspace       used 14727K, capacity 15514K, committed 15616K, reserved 1062912K
  class space    used 2089K, capacity 2237K, committed 2304K, reserved 1048576K
}
Event: 11.469 GC heap before
{Heap before GC invocations=4 (full 0):
 PSYoungGen      total 13824K, used 12990K [0x00000000f0b00000, 0x00000000f1a00000, 0x0000000100000000)
  eden space 12288K, 93% used [0x00000000f0b00000,0x00000000f1637a60,0x00000000f1700000)
  from space 1536K, 97% used [0x00000000f1700000,0x00000000f1878018,0x00000000f1880000)
  to   space 1536K, 0% used [0x00000000f1880000,0x00000000f1880000,0x00000000f1a00000)
 ParOldGen       total 31744K, used 14805K [0x00000000d2000000, 0x00000000d3f00000, 0x00000000f0b00000)
  object space 31744K, 46% used [0x00000000d2000000,0x00000000d2e756b0,0x00000000d3f00000)
 Metaspace       used 14923K, capacity 15706K, committed 15872K, reserved 1062912K
  class space    used 2089K, capacity 2237K, committed 2304K, reserved 1048576K

